samples	 method_addr	 method_name
214	 7ff0422323f8	 ParMarkBitMap::mark_obj(HeapWordImpl**, unsigned long)
200	 7ff0422919e5	 ParallelCompactData::add_obj(HeapWordImpl**, unsigned long)
176	 7ff042232458	 ParMarkBitMap::mark_obj(HeapWordImpl**, unsigned long)
174	 7ff0422881f1	 ParCompactionManager::follow_marking_stacks()
101	 7ff042232445	 ParMarkBitMap::mark_obj(HeapWordImpl**, unsigned long)
31	 7ff0422883e8	 ParCompactionManager::follow_marking_stacks()
22	 7ff04229614b	 ParallelCompactData::calc_new_pointer(HeapWordImpl**, ParCompactionManager*)
19	 7ff0422891ef	 ParCompactionManager::follow_contents(oopDesc*)
19	 7ff0422891d8	 ParCompactionManager::follow_contents(oopDesc*)
18	 7ff04226118a	 void OopOopIterateDispatch<PCIterateMarkAndPushClosure>::Table::oop_oop_iterate<InstanceKlass, unsigned int>(PCIterateMarkAndPushClosure*, oopDesc*, Klass*)

(9) latency for method: (7ff0422323f8 -> 7ff04228922a)	"ParMarkBitMap::mark_obj(HeapWordImpl**, unsigned long)"
nsecs    	 count
>4096     	 79252	 
>8192     	 1142	 
>16384     	 141	 
>32768     	 59	 
>65536     	 44	 
>131072     	 51	 
>262144     	 12	 
>524288     	 2	 
>1048576     	 1	 

(9) latency for method: (7ff0422919e5 -> 7ff04228922a)	"ParallelCompactData::add_obj(HeapWordImpl**, unsigned long)"
nsecs    	 count
>4096     	 149700	 
>8192     	 7197	 
>16384     	 277	 
>32768     	 90	 
>65536     	 89	 
>131072     	 120	 
>262144     	 25	 
>524288     	 2	 
>1048576     	 3	 
